2025-10-28T19:27:29.738+02:00  INFO 19220 --- [nika_erp] [restartedMain] com.nika.erp.NikaErpApplication          : Starting NikaErpApplication using Java 25 with PID 19220 (D:\2025\NIKA\EBM\CHAD\NIKA-ERP\codes\nika_erp_fen\target\classes started by COMPUTER in D:\2025\NIKA\EBM\CHAD\NIKA-ERP\codes\nika_erp_fen)
2025-10-28T19:27:29.739+02:00  INFO 19220 --- [nika_erp] [restartedMain] com.nika.erp.NikaErpApplication          : The following 1 profile is active: "dev"
2025-10-28T19:27:29.769+02:00  INFO 19220 --- [nika_erp] [restartedMain] .e.DevToolsPropertyDefaultsPostProcessor : Devtools property defaults active! Set 'spring.devtools.add-properties' to 'false' to disable
2025-10-28T19:27:29.769+02:00  INFO 19220 --- [nika_erp] [restartedMain] .e.DevToolsPropertyDefaultsPostProcessor : For additional web related logging consider setting the 'logging.level.web' property to 'DEBUG'
2025-10-28T19:27:30.286+02:00  INFO 19220 --- [nika_erp] [restartedMain] .s.d.r.c.RepositoryConfigurationDelegate : Bootstrapping Spring Data JPA repositories in DEFAULT mode.
2025-10-28T19:27:30.373+02:00  INFO 19220 --- [nika_erp] [restartedMain] .s.d.r.c.RepositoryConfigurationDelegate : Finished Spring Data repository scanning in 81 ms. Found 14 JPA repository interfaces.
2025-10-28T19:27:31.610+02:00  INFO 19220 --- [nika_erp] [restartedMain] o.s.b.w.embedded.tomcat.TomcatWebServer  : Tomcat initialized with port 9391 (http)
2025-10-28T19:27:31.636+02:00  INFO 19220 --- [nika_erp] [restartedMain] o.apache.catalina.core.StandardService   : Starting service [Tomcat]
2025-10-28T19:27:31.637+02:00  INFO 19220 --- [nika_erp] [restartedMain] o.apache.catalina.core.StandardEngine    : Starting Servlet engine: [Apache Tomcat/10.1.48]
2025-10-28T19:27:31.720+02:00  INFO 19220 --- [nika_erp] [restartedMain] o.a.c.c.C.[.[localhost].[/nika_erp]      : Initializing Spring embedded WebApplicationContext
2025-10-28T19:27:31.721+02:00  INFO 19220 --- [nika_erp] [restartedMain] w.s.c.ServletWebServerApplicationContext : Root WebApplicationContext: initialization completed in 1949 ms
2025-10-28T19:27:31.966+02:00 DEBUG 19220 --- [nika_erp] [restartedMain] com.zaxxer.hikari.HikariConfig           : Class org.postgresql.Driver found in Thread context class loader org.springframework.boot.devtools.restart.classloader.RestartClassLoader@48b392a7
2025-10-28T19:27:32.214+02:00 DEBUG 19220 --- [nika_erp] [restartedMain] com.zaxxer.hikari.HikariConfig           : HikariPool-1 - configuration:
2025-10-28T19:27:32.217+02:00 DEBUG 19220 --- [nika_erp] [restartedMain] com.zaxxer.hikari.HikariConfig           : allowPoolSuspension.............false
2025-10-28T19:27:32.218+02:00 DEBUG 19220 --- [nika_erp] [restartedMain] com.zaxxer.hikari.HikariConfig           : autoCommit......................false
2025-10-28T19:27:32.218+02:00 DEBUG 19220 --- [nika_erp] [restartedMain] com.zaxxer.hikari.HikariConfig           : catalog.........................none
2025-10-28T19:27:32.219+02:00 DEBUG 19220 --- [nika_erp] [restartedMain] com.zaxxer.hikari.HikariConfig           : connectionInitSql...............none
2025-10-28T19:27:32.219+02:00 DEBUG 19220 --- [nika_erp] [restartedMain] com.zaxxer.hikari.HikariConfig           : connectionTestQuery.............none
2025-10-28T19:27:32.222+02:00 DEBUG 19220 --- [nika_erp] [restartedMain] com.zaxxer.hikari.HikariConfig           : connectionTimeout...............30000
2025-10-28T19:27:32.223+02:00 DEBUG 19220 --- [nika_erp] [restartedMain] com.zaxxer.hikari.HikariConfig           : credentials.....................com.zaxxer.hikari.util.Credentials@37d43668
2025-10-28T19:27:32.223+02:00 DEBUG 19220 --- [nika_erp] [restartedMain] com.zaxxer.hikari.HikariConfig           : dataSource......................none
2025-10-28T19:27:32.224+02:00 DEBUG 19220 --- [nika_erp] [restartedMain] com.zaxxer.hikari.HikariConfig           : dataSourceClassName.............none
2025-10-28T19:27:32.224+02:00 DEBUG 19220 --- [nika_erp] [restartedMain] com.zaxxer.hikari.HikariConfig           : dataSourceJNDI..................none
2025-10-28T19:27:32.225+02:00 DEBUG 19220 --- [nika_erp] [restartedMain] com.zaxxer.hikari.HikariConfig           : dataSourceProperties............{password=<masked>}
2025-10-28T19:27:32.226+02:00 DEBUG 19220 --- [nika_erp] [restartedMain] com.zaxxer.hikari.HikariConfig           : driverClassName................."org.postgresql.Driver"
2025-10-28T19:27:32.226+02:00 DEBUG 19220 --- [nika_erp] [restartedMain] com.zaxxer.hikari.HikariConfig           : exceptionOverride...............none
2025-10-28T19:27:32.226+02:00 DEBUG 19220 --- [nika_erp] [restartedMain] com.zaxxer.hikari.HikariConfig           : exceptionOverrideClassName......none
2025-10-28T19:27:32.227+02:00 DEBUG 19220 --- [nika_erp] [restartedMain] com.zaxxer.hikari.HikariConfig           : healthCheckProperties...........{}
2025-10-28T19:27:32.227+02:00 DEBUG 19220 --- [nika_erp] [restartedMain] com.zaxxer.hikari.HikariConfig           : healthCheckRegistry.............none
2025-10-28T19:27:32.228+02:00 DEBUG 19220 --- [nika_erp] [restartedMain] com.zaxxer.hikari.HikariConfig           : idleTimeout.....................600000
2025-10-28T19:27:32.228+02:00 DEBUG 19220 --- [nika_erp] [restartedMain] com.zaxxer.hikari.HikariConfig           : initializationFailTimeout.......1
2025-10-28T19:27:32.229+02:00 DEBUG 19220 --- [nika_erp] [restartedMain] com.zaxxer.hikari.HikariConfig           : isolateInternalQueries..........false
2025-10-28T19:27:32.229+02:00 DEBUG 19220 --- [nika_erp] [restartedMain] com.zaxxer.hikari.HikariConfig           : jdbcUrl.........................jdbc:postgresql://localhost:5434/nika_erp_db?createDatabaseIfNotExist=true&useSSL=false&allowPublicKeyRetrieval=true&useUnicode=true&characterEncoding=UTF-8&serverTimezone=UTC
2025-10-28T19:27:32.230+02:00 DEBUG 19220 --- [nika_erp] [restartedMain] com.zaxxer.hikari.HikariConfig           : keepaliveTime...................120000
2025-10-28T19:27:32.230+02:00 DEBUG 19220 --- [nika_erp] [restartedMain] com.zaxxer.hikari.HikariConfig           : leakDetectionThreshold..........0
2025-10-28T19:27:32.230+02:00 DEBUG 19220 --- [nika_erp] [restartedMain] com.zaxxer.hikari.HikariConfig           : maxLifetime.....................1800000
2025-10-28T19:27:32.231+02:00 DEBUG 19220 --- [nika_erp] [restartedMain] com.zaxxer.hikari.HikariConfig           : maximumPoolSize.................20
2025-10-28T19:27:32.231+02:00 DEBUG 19220 --- [nika_erp] [restartedMain] com.zaxxer.hikari.HikariConfig           : metricRegistry..................none
2025-10-28T19:27:32.232+02:00 DEBUG 19220 --- [nika_erp] [restartedMain] com.zaxxer.hikari.HikariConfig           : metricsTrackerFactory...........none
2025-10-28T19:27:32.232+02:00 DEBUG 19220 --- [nika_erp] [restartedMain] com.zaxxer.hikari.HikariConfig           : minimumIdle.....................5
2025-10-28T19:27:32.232+02:00 DEBUG 19220 --- [nika_erp] [restartedMain] com.zaxxer.hikari.HikariConfig           : password........................<masked>
2025-10-28T19:27:32.232+02:00 DEBUG 19220 --- [nika_erp] [restartedMain] com.zaxxer.hikari.HikariConfig           : poolName........................"HikariPool-1"
2025-10-28T19:27:32.232+02:00 DEBUG 19220 --- [nika_erp] [restartedMain] com.zaxxer.hikari.HikariConfig           : readOnly........................false
2025-10-28T19:27:32.232+02:00 DEBUG 19220 --- [nika_erp] [restartedMain] com.zaxxer.hikari.HikariConfig           : registerMbeans..................false
2025-10-28T19:27:32.232+02:00 DEBUG 19220 --- [nika_erp] [restartedMain] com.zaxxer.hikari.HikariConfig           : scheduledExecutor...............none
2025-10-28T19:27:32.234+02:00 DEBUG 19220 --- [nika_erp] [restartedMain] com.zaxxer.hikari.HikariConfig           : schema..........................none
2025-10-28T19:27:32.234+02:00 DEBUG 19220 --- [nika_erp] [restartedMain] com.zaxxer.hikari.HikariConfig           : threadFactory...................internal
2025-10-28T19:27:32.234+02:00 DEBUG 19220 --- [nika_erp] [restartedMain] com.zaxxer.hikari.HikariConfig           : transactionIsolation............default
2025-10-28T19:27:32.234+02:00 DEBUG 19220 --- [nika_erp] [restartedMain] com.zaxxer.hikari.HikariConfig           : username........................"postgres"
2025-10-28T19:27:32.235+02:00 DEBUG 19220 --- [nika_erp] [restartedMain] com.zaxxer.hikari.HikariConfig           : validationTimeout...............5000
2025-10-28T19:27:32.235+02:00  INFO 19220 --- [nika_erp] [restartedMain] com.zaxxer.hikari.HikariDataSource       : HikariPool-1 - Starting...
2025-10-28T19:27:32.255+02:00 DEBUG 19220 --- [nika_erp] [restartedMain] com.zaxxer.hikari.pool.PoolBase          : HikariPool-1 - Attempting to create/setup new connection (842fec6d-5301-4c16-b945-317744e76cb5)
2025-10-28T19:27:32.527+02:00 DEBUG 19220 --- [nika_erp] [restartedMain] com.zaxxer.hikari.pool.PoolBase          : HikariPool-1 - Established new connection (842fec6d-5301-4c16-b945-317744e76cb5)
2025-10-28T19:27:32.530+02:00  INFO 19220 --- [nika_erp] [restartedMain] com.zaxxer.hikari.pool.HikariPool        : HikariPool-1 - Added connection org.postgresql.jdbc.PgConnection@540f4228
2025-10-28T19:27:32.534+02:00  INFO 19220 --- [nika_erp] [restartedMain] com.zaxxer.hikari.HikariDataSource       : HikariPool-1 - Start completed.
2025-10-28T19:27:32.574+02:00  INFO 19220 --- [nika_erp] [restartedMain] org.flywaydb.core.FlywayExecutor         : Database: jdbc:postgresql://localhost:5434/nika_erp_db (PostgreSQL 14.15)
2025-10-28T19:27:32.631+02:00  INFO 19220 --- [nika_erp] [restartedMain] o.f.core.internal.command.DbValidate     : Successfully validated 0 migrations (execution time 00:00.022s)
2025-10-28T19:27:32.632+02:00  WARN 19220 --- [nika_erp] [restartedMain] o.f.core.internal.command.DbValidate     : No migrations found. Are your locations set up correctly?
2025-10-28T19:27:32.642+02:00 DEBUG 19220 --- [nika_erp] [HikariPool-1:housekeeper] com.zaxxer.hikari.pool.HikariPool        : HikariPool-1 - Before cleanup stats (total=1/20, idle=0/5, active=1, waiting=0)
2025-10-28T19:27:32.644+02:00 DEBUG 19220 --- [nika_erp] [HikariPool-1:connection-adder] com.zaxxer.hikari.pool.PoolBase          : HikariPool-1 - Attempting to create/setup new connection (9eb9d208-96d0-4711-9399-cc9de4fe9967)
2025-10-28T19:27:32.644+02:00 DEBUG 19220 --- [nika_erp] [HikariPool-1:housekeeper] com.zaxxer.hikari.pool.HikariPool        : HikariPool-1 - After  cleanup stats (total=1/20, idle=0/5, active=1, waiting=1)
2025-10-28T19:27:32.709+02:00 DEBUG 19220 --- [nika_erp] [HikariPool-1:connection-adder] com.zaxxer.hikari.pool.PoolBase          : HikariPool-1 - Established new connection (9eb9d208-96d0-4711-9399-cc9de4fe9967)
2025-10-28T19:27:32.710+02:00 DEBUG 19220 --- [nika_erp] [HikariPool-1:connection-adder] com.zaxxer.hikari.pool.HikariPool        : HikariPool-1 - Added connection org.postgresql.jdbc.PgConnection@2c395c2a
2025-10-28T19:27:32.724+02:00  INFO 19220 --- [nika_erp] [restartedMain] o.f.core.internal.command.DbMigrate      : Current version of schema "public": << Empty Schema >>
2025-10-28T19:27:32.731+02:00  INFO 19220 --- [nika_erp] [restartedMain] o.f.core.internal.command.DbMigrate      : Schema "public" is up to date. No migration necessary.
2025-10-28T19:27:32.751+02:00 DEBUG 19220 --- [nika_erp] [HikariPool-1:connection-adder] com.zaxxer.hikari.pool.PoolBase          : HikariPool-1 - Attempting to create/setup new connection (af6ee78a-fda5-4ee6-b7f2-595e853625b0)
2025-10-28T19:27:32.837+02:00 DEBUG 19220 --- [nika_erp] [HikariPool-1:connection-adder] com.zaxxer.hikari.pool.PoolBase          : HikariPool-1 - Established new connection (af6ee78a-fda5-4ee6-b7f2-595e853625b0)
2025-10-28T19:27:32.838+02:00 DEBUG 19220 --- [nika_erp] [HikariPool-1:connection-adder] com.zaxxer.hikari.pool.HikariPool        : HikariPool-1 - Added connection org.postgresql.jdbc.PgConnection@22fea7dd
2025-10-28T19:27:32.879+02:00 DEBUG 19220 --- [nika_erp] [HikariPool-1:connection-adder] com.zaxxer.hikari.pool.HikariPool        : HikariPool-1 - After adding stats (total=3/20, idle=3/5, active=0, waiting=0)
2025-10-28T19:27:32.880+02:00 DEBUG 19220 --- [nika_erp] [HikariPool-1:connection-adder] com.zaxxer.hikari.pool.PoolBase          : HikariPool-1 - Attempting to create/setup new connection (683f745c-2611-4f0a-ab34-95ff13537e03)
2025-10-28T19:27:32.927+02:00  INFO 19220 --- [nika_erp] [restartedMain] o.hibernate.jpa.internal.util.LogHelper  : HHH000204: Processing PersistenceUnitInfo [name: default]
2025-10-28T19:27:32.963+02:00 DEBUG 19220 --- [nika_erp] [HikariPool-1:connection-adder] com.zaxxer.hikari.pool.PoolBase          : HikariPool-1 - Established new connection (683f745c-2611-4f0a-ab34-95ff13537e03)
2025-10-28T19:27:32.964+02:00 DEBUG 19220 --- [nika_erp] [HikariPool-1:connection-adder] com.zaxxer.hikari.pool.HikariPool        : HikariPool-1 - Added connection org.postgresql.jdbc.PgConnection@26c1375a
2025-10-28T19:27:32.996+02:00  INFO 19220 --- [nika_erp] [restartedMain] org.hibernate.Version                    : HHH000412: Hibernate ORM core version 6.6.33.Final
2025-10-28T19:27:33.004+02:00 DEBUG 19220 --- [nika_erp] [HikariPool-1:connection-adder] com.zaxxer.hikari.pool.HikariPool        : HikariPool-1 - After adding stats (total=4/20, idle=4/5, active=0, waiting=0)
2025-10-28T19:27:33.004+02:00 DEBUG 19220 --- [nika_erp] [HikariPool-1:connection-adder] com.zaxxer.hikari.pool.PoolBase          : HikariPool-1 - Attempting to create/setup new connection (e2b455b8-e484-458c-bda1-1f0a7840f0fe)
2025-10-28T19:27:33.051+02:00  INFO 19220 --- [nika_erp] [restartedMain] o.h.c.internal.RegionFactoryInitiator    : HHH000026: Second-level cache disabled
2025-10-28T19:27:33.084+02:00 DEBUG 19220 --- [nika_erp] [HikariPool-1:connection-adder] com.zaxxer.hikari.pool.PoolBase          : HikariPool-1 - Established new connection (e2b455b8-e484-458c-bda1-1f0a7840f0fe)
2025-10-28T19:27:33.084+02:00 DEBUG 19220 --- [nika_erp] [HikariPool-1:connection-adder] com.zaxxer.hikari.pool.HikariPool        : HikariPool-1 - Added connection org.postgresql.jdbc.PgConnection@63c3ade6
2025-10-28T19:27:33.115+02:00 DEBUG 19220 --- [nika_erp] [HikariPool-1:connection-adder] com.zaxxer.hikari.pool.HikariPool        : HikariPool-1 - After adding stats (total=5/20, idle=5/5, active=0, waiting=0)
2025-10-28T19:27:33.115+02:00 DEBUG 19220 --- [nika_erp] [HikariPool-1:connection-adder] com.zaxxer.hikari.pool.HikariPool        : HikariPool-1 - Connection not added, stats (total=5/20, idle=5/5, active=0, waiting=0)
2025-10-28T19:27:33.115+02:00 DEBUG 19220 --- [nika_erp] [HikariPool-1:connection-adder] com.zaxxer.hikari.pool.HikariPool        : HikariPool-1 - Connection not added, stats (total=5/20, idle=5/5, active=0, waiting=0)
2025-10-28T19:27:33.509+02:00  INFO 19220 --- [nika_erp] [restartedMain] o.s.o.j.p.SpringPersistenceUnitInfo      : No LoadTimeWeaver setup: ignoring JPA class transformer
2025-10-28T19:27:33.603+02:00  WARN 19220 --- [nika_erp] [restartedMain] org.hibernate.orm.deprecation            : HHH90000025: PostgreSQLDialect does not need to be specified explicitly using 'hibernate.dialect' (remove the property setting and it will be selected by default)
2025-10-28T19:27:33.615+02:00 DEBUG 19220 --- [nika_erp] [restartedMain] com.zaxxer.hikari.pool.ProxyConnection   : HikariPool-1 - Executed rollback on connection org.postgresql.jdbc.PgConnection@540f4228 due to dirty commit state on close().
2025-10-28T19:27:33.619+02:00  INFO 19220 --- [nika_erp] [restartedMain] org.hibernate.orm.connections.pooling    : HHH10001005: Database info:
	Database JDBC URL [Connecting through datasource 'HikariDataSource (HikariPool-1)']
	Database driver: undefined/unknown
	Database version: 14.15
	Autocommit mode: undefined/unknown
	Isolation level: undefined/unknown
	Minimum pool size: undefined/unknown
	Maximum pool size: undefined/unknown
2025-10-28T19:27:34.255+02:00 DEBUG 19220 --- [nika_erp] [restartedMain] com.zaxxer.hikari.pool.ProxyConnection   : HikariPool-1 - Executed rollback on connection org.postgresql.jdbc.PgConnection@540f4228 due to dirty commit state on close().
2025-10-28T19:27:36.063+02:00  INFO 19220 --- [nika_erp] [restartedMain] o.h.e.t.j.p.i.JtaPlatformInitiator       : HHH000489: No JTA platform available (set 'hibernate.transaction.jta.platform' to enable JTA platform integration)
2025-10-28T19:27:36.097+02:00  INFO 19220 --- [nika_erp] [restartedMain] org.hibernate.orm.connections.access     : HHH10001501: Connection obtained from JdbcConnectionAccess [org.hibernate.engine.jdbc.env.internal.JdbcEnvironmentInitiator$ConnectionProviderJdbcConnectionAccess@1ad76c6] for (non-JTA) DDL execution was not in auto-commit mode; the Connection 'local transaction' will be committed and the Connection will be set into auto-commit mode.
2025-10-28T19:27:36.401+02:00  INFO 19220 --- [nika_erp] [restartedMain] j.LocalContainerEntityManagerFactoryBean : Initialized JPA EntityManagerFactory for persistence unit 'default'
2025-10-28T19:27:37.017+02:00  INFO 19220 --- [nika_erp] [restartedMain] o.s.d.j.r.query.QueryEnhancerFactory     : Hibernate is in classpath; If applicable, HQL parser will be used.
2025-10-28T19:27:38.955+02:00  INFO 19220 --- [nika_erp] [restartedMain] o.s.b.a.w.s.WelcomePageHandlerMapping    : Adding welcome page template: index
2025-10-28T19:27:39.498+02:00 DEBUG 19220 --- [nika_erp] [restartedMain] com.zaxxer.hikari.pool.ProxyConnection   : HikariPool-1 - Executed rollback on connection org.postgresql.jdbc.PgConnection@540f4228 due to dirty commit state on close().
2025-10-28T19:27:39.498+02:00  INFO 19220 --- [nika_erp] [restartedMain] o.s.b.a.h2.H2ConsoleAutoConfiguration    : H2 console available at '/h2-console'. Database available at 'jdbc:postgresql://localhost:5434/nika_erp_db?createDatabaseIfNotExist=true&useSSL=false&allowPublicKeyRetrieval=true&useUnicode=true&characterEncoding=UTF-8&serverTimezone=UTC'
2025-10-28T19:27:39.606+02:00  INFO 19220 --- [nika_erp] [restartedMain] o.s.b.d.a.OptionalLiveReloadServer       : LiveReload server is running on port 35729
2025-10-28T19:27:39.680+02:00  INFO 19220 --- [nika_erp] [restartedMain] o.s.b.w.embedded.tomcat.TomcatWebServer  : Tomcat started on port 9391 (http) with context path '/nika_erp'
2025-10-28T19:27:39.696+02:00  INFO 19220 --- [nika_erp] [restartedMain] com.nika.erp.NikaErpApplication          : Started NikaErpApplication in 10.226 seconds (process running for 10.646)
2025-10-28T19:27:55.991+02:00  INFO 19220 --- [nika_erp] [http-nio-9391-exec-2] o.a.c.c.C.[.[localhost].[/nika_erp]      : Initializing Spring DispatcherServlet 'dispatcherServlet'
2025-10-28T19:27:55.991+02:00  INFO 19220 --- [nika_erp] [http-nio-9391-exec-2] o.s.web.servlet.DispatcherServlet        : Initializing Servlet 'dispatcherServlet'
2025-10-28T19:27:55.993+02:00  INFO 19220 --- [nika_erp] [http-nio-9391-exec-2] o.s.web.servlet.DispatcherServlet        : Completed initialization in 1 ms
2025-10-28T19:28:00.259+02:00  WARN 19220 --- [nika_erp] [http-nio-9391-exec-2] o.t.s.p.StandardIncludeTagProcessor      : [THYMELEAF][http-nio-9391-exec-2][countries/list] Deprecated attribute {th:include,data-th-include} found in template countries/list, line 7, col 11. Please use {th:insert,data-th-insert} instead, this deprecated attribute will be removed in future versions of Thymeleaf.
2025-10-28T19:28:00.259+02:00  WARN 19220 --- [nika_erp] [http-nio-9391-exec-2] actStandardFragmentInsertionTagProcessor : [THYMELEAF][http-nio-9391-exec-2][countries/list] Deprecated unwrapped fragment expression "fragments/header :: head" found in template countries/list, line 7, col 11. Please use the complete syntax of fragment expressions instead ("~{fragments/header :: head}"). The old, unwrapped syntax for fragment expressions will be removed in future versions of Thymeleaf.
2025-10-28T19:28:00.269+02:00  WARN 19220 --- [nika_erp] [http-nio-9391-exec-2] o.t.s.p.StandardIncludeTagProcessor      : [THYMELEAF][http-nio-9391-exec-2][countries/list] Deprecated attribute {th:include,data-th-include} found in template countries/list, line 10, col 12. Please use {th:insert,data-th-insert} instead, this deprecated attribute will be removed in future versions of Thymeleaf.
2025-10-28T19:28:00.270+02:00  WARN 19220 --- [nika_erp] [http-nio-9391-exec-2] actStandardFragmentInsertionTagProcessor : [THYMELEAF][http-nio-9391-exec-2][countries/list] Deprecated unwrapped fragment expression "fragments/header :: pre-loader" found in template countries/list, line 10, col 12. Please use the complete syntax of fragment expressions instead ("~{fragments/header :: pre-loader}"). The old, unwrapped syntax for fragment expressions will be removed in future versions of Thymeleaf.
2025-10-28T19:28:00.280+02:00  WARN 19220 --- [nika_erp] [http-nio-9391-exec-2] o.t.s.p.StandardIncludeTagProcessor      : [THYMELEAF][http-nio-9391-exec-2][countries/list] Deprecated attribute {th:include,data-th-include} found in template countries/list, line 15, col 14. Please use {th:insert,data-th-insert} instead, this deprecated attribute will be removed in future versions of Thymeleaf.
2025-10-28T19:28:00.280+02:00  WARN 19220 --- [nika_erp] [http-nio-9391-exec-2] actStandardFragmentInsertionTagProcessor : [THYMELEAF][http-nio-9391-exec-2][countries/list] Deprecated unwrapped fragment expression "fragments/header :: navbar-top" found in template countries/list, line 15, col 14. Please use the complete syntax of fragment expressions instead ("~{fragments/header :: navbar-top}"). The old, unwrapped syntax for fragment expressions will be removed in future versions of Thymeleaf.
2025-10-28T19:28:00.289+02:00  WARN 19220 --- [nika_erp] [http-nio-9391-exec-2] o.t.s.p.StandardIncludeTagProcessor      : [THYMELEAF][http-nio-9391-exec-2][countries/list] Deprecated attribute {th:include,data-th-include} found in template countries/list, line 19, col 16. Please use {th:insert,data-th-insert} instead, this deprecated attribute will be removed in future versions of Thymeleaf.
2025-10-28T19:28:00.290+02:00  WARN 19220 --- [nika_erp] [http-nio-9391-exec-2] actStandardFragmentInsertionTagProcessor : [THYMELEAF][http-nio-9391-exec-2][countries/list] Deprecated unwrapped fragment expression "fragments/header :: navbar-left" found in template countries/list, line 19, col 16. Please use the complete syntax of fragment expressions instead ("~{fragments/header :: navbar-left}"). The old, unwrapped syntax for fragment expressions will be removed in future versions of Thymeleaf.
2025-10-28T19:28:00.303+02:00  WARN 19220 --- [nika_erp] [http-nio-9391-exec-2] o.t.s.p.StandardIncludeTagProcessor      : [THYMELEAF][http-nio-9391-exec-2][countries/list] Deprecated attribute {th:include,data-th-include} found in template countries/list, line 88, col 12. Please use {th:insert,data-th-insert} instead, this deprecated attribute will be removed in future versions of Thymeleaf.
2025-10-28T19:28:00.303+02:00  WARN 19220 --- [nika_erp] [http-nio-9391-exec-2] actStandardFragmentInsertionTagProcessor : [THYMELEAF][http-nio-9391-exec-2][countries/list] Deprecated unwrapped fragment expression "fragments/header :: footer" found in template countries/list, line 88, col 12. Please use the complete syntax of fragment expressions instead ("~{fragments/header :: footer}"). The old, unwrapped syntax for fragment expressions will be removed in future versions of Thymeleaf.
2025-10-28T19:28:02.659+02:00 DEBUG 19220 --- [nika_erp] [HikariPool-1:housekeeper] com.zaxxer.hikari.pool.HikariPool        : HikariPool-1 - Before cleanup stats (total=5/20, idle=5/5, active=0, waiting=0)
2025-10-28T19:28:02.663+02:00 DEBUG 19220 --- [nika_erp] [HikariPool-1:housekeeper] com.zaxxer.hikari.pool.HikariPool        : HikariPool-1 - After  cleanup stats (total=5/20, idle=5/5, active=0, waiting=0)
2025-10-28T19:28:02.664+02:00 DEBUG 19220 --- [nika_erp] [HikariPool-1:housekeeper] com.zaxxer.hikari.pool.HikariPool        : HikariPool-1 - Fill pool skipped, pool has sufficient level or currently being filled.
2025-10-28T19:28:19.700+02:00  WARN 19220 --- [nika_erp] [http-nio-9391-exec-2] o.t.s.p.StandardIncludeTagProcessor      : [THYMELEAF][http-nio-9391-exec-2][countries/list] Deprecated attribute {th:include,data-th-include} found in template countries/list, line 7, col 11. Please use {th:insert,data-th-insert} instead, this deprecated attribute will be removed in future versions of Thymeleaf.
2025-10-28T19:28:19.700+02:00  WARN 19220 --- [nika_erp] [http-nio-9391-exec-2] actStandardFragmentInsertionTagProcessor : [THYMELEAF][http-nio-9391-exec-2][countries/list] Deprecated unwrapped fragment expression "fragments/header :: head" found in template countries/list, line 7, col 11. Please use the complete syntax of fragment expressions instead ("~{fragments/header :: head}"). The old, unwrapped syntax for fragment expressions will be removed in future versions of Thymeleaf.
2025-10-28T19:28:19.707+02:00  WARN 19220 --- [nika_erp] [http-nio-9391-exec-2] o.t.s.p.StandardIncludeTagProcessor      : [THYMELEAF][http-nio-9391-exec-2][countries/list] Deprecated attribute {th:include,data-th-include} found in template countries/list, line 10, col 12. Please use {th:insert,data-th-insert} instead, this deprecated attribute will be removed in future versions of Thymeleaf.
2025-10-28T19:28:19.708+02:00  WARN 19220 --- [nika_erp] [http-nio-9391-exec-2] actStandardFragmentInsertionTagProcessor : [THYMELEAF][http-nio-9391-exec-2][countries/list] Deprecated unwrapped fragment expression "fragments/header :: pre-loader" found in template countries/list, line 10, col 12. Please use the complete syntax of fragment expressions instead ("~{fragments/header :: pre-loader}"). The old, unwrapped syntax for fragment expressions will be removed in future versions of Thymeleaf.
2025-10-28T19:28:19.719+02:00  WARN 19220 --- [nika_erp] [http-nio-9391-exec-2] o.t.s.p.StandardIncludeTagProcessor      : [THYMELEAF][http-nio-9391-exec-2][countries/list] Deprecated attribute {th:include,data-th-include} found in template countries/list, line 15, col 14. Please use {th:insert,data-th-insert} instead, this deprecated attribute will be removed in future versions of Thymeleaf.
2025-10-28T19:28:19.719+02:00  WARN 19220 --- [nika_erp] [http-nio-9391-exec-2] actStandardFragmentInsertionTagProcessor : [THYMELEAF][http-nio-9391-exec-2][countries/list] Deprecated unwrapped fragment expression "fragments/header :: navbar-top" found in template countries/list, line 15, col 14. Please use the complete syntax of fragment expressions instead ("~{fragments/header :: navbar-top}"). The old, unwrapped syntax for fragment expressions will be removed in future versions of Thymeleaf.
2025-10-28T19:28:19.727+02:00  WARN 19220 --- [nika_erp] [http-nio-9391-exec-2] o.t.s.p.StandardIncludeTagProcessor      : [THYMELEAF][http-nio-9391-exec-2][countries/list] Deprecated attribute {th:include,data-th-include} found in template countries/list, line 19, col 16. Please use {th:insert,data-th-insert} instead, this deprecated attribute will be removed in future versions of Thymeleaf.
2025-10-28T19:28:19.727+02:00  WARN 19220 --- [nika_erp] [http-nio-9391-exec-2] actStandardFragmentInsertionTagProcessor : [THYMELEAF][http-nio-9391-exec-2][countries/list] Deprecated unwrapped fragment expression "fragments/header :: navbar-left" found in template countries/list, line 19, col 16. Please use the complete syntax of fragment expressions instead ("~{fragments/header :: navbar-left}"). The old, unwrapped syntax for fragment expressions will be removed in future versions of Thymeleaf.
2025-10-28T19:28:19.740+02:00  WARN 19220 --- [nika_erp] [http-nio-9391-exec-2] o.t.s.p.StandardIncludeTagProcessor      : [THYMELEAF][http-nio-9391-exec-2][countries/list] Deprecated attribute {th:include,data-th-include} found in template countries/list, line 88, col 12. Please use {th:insert,data-th-insert} instead, this deprecated attribute will be removed in future versions of Thymeleaf.
2025-10-28T19:28:19.741+02:00  WARN 19220 --- [nika_erp] [http-nio-9391-exec-2] actStandardFragmentInsertionTagProcessor : [THYMELEAF][http-nio-9391-exec-2][countries/list] Deprecated unwrapped fragment expression "fragments/header :: footer" found in template countries/list, line 88, col 12. Please use the complete syntax of fragment expressions instead ("~{fragments/header :: footer}"). The old, unwrapped syntax for fragment expressions will be removed in future versions of Thymeleaf.
2025-10-28T19:28:22.333+02:00 DEBUG 19220 --- [nika_erp] [http-nio-9391-exec-1] com.zaxxer.hikari.pool.ProxyConnection   : HikariPool-1 - Executed rollback on connection org.postgresql.jdbc.PgConnection@540f4228 due to dirty commit state on close().
2025-10-28T19:28:28.740+02:00  WARN 19220 --- [nika_erp] [http-nio-9391-exec-8] o.t.s.p.StandardIncludeTagProcessor      : [THYMELEAF][http-nio-9391-exec-8][countries/list] Deprecated attribute {th:include,data-th-include} found in template countries/list, line 7, col 11. Please use {th:insert,data-th-insert} instead, this deprecated attribute will be removed in future versions of Thymeleaf.
2025-10-28T19:28:28.740+02:00  WARN 19220 --- [nika_erp] [http-nio-9391-exec-8] actStandardFragmentInsertionTagProcessor : [THYMELEAF][http-nio-9391-exec-8][countries/list] Deprecated unwrapped fragment expression "fragments/header :: head" found in template countries/list, line 7, col 11. Please use the complete syntax of fragment expressions instead ("~{fragments/header :: head}"). The old, unwrapped syntax for fragment expressions will be removed in future versions of Thymeleaf.
2025-10-28T19:28:28.749+02:00  WARN 19220 --- [nika_erp] [http-nio-9391-exec-8] o.t.s.p.StandardIncludeTagProcessor      : [THYMELEAF][http-nio-9391-exec-8][countries/list] Deprecated attribute {th:include,data-th-include} found in template countries/list, line 10, col 12. Please use {th:insert,data-th-insert} instead, this deprecated attribute will be removed in future versions of Thymeleaf.
2025-10-28T19:28:28.749+02:00  WARN 19220 --- [nika_erp] [http-nio-9391-exec-8] actStandardFragmentInsertionTagProcessor : [THYMELEAF][http-nio-9391-exec-8][countries/list] Deprecated unwrapped fragment expression "fragments/header :: pre-loader" found in template countries/list, line 10, col 12. Please use the complete syntax of fragment expressions instead ("~{fragments/header :: pre-loader}"). The old, unwrapped syntax for fragment expressions will be removed in future versions of Thymeleaf.
2025-10-28T19:28:28.786+02:00  WARN 19220 --- [nika_erp] [http-nio-9391-exec-8] o.t.s.p.StandardIncludeTagProcessor      : [THYMELEAF][http-nio-9391-exec-8][countries/list] Deprecated attribute {th:include,data-th-include} found in template countries/list, line 15, col 14. Please use {th:insert,data-th-insert} instead, this deprecated attribute will be removed in future versions of Thymeleaf.
2025-10-28T19:28:28.787+02:00  WARN 19220 --- [nika_erp] [http-nio-9391-exec-8] actStandardFragmentInsertionTagProcessor : [THYMELEAF][http-nio-9391-exec-8][countries/list] Deprecated unwrapped fragment expression "fragments/header :: navbar-top" found in template countries/list, line 15, col 14. Please use the complete syntax of fragment expressions instead ("~{fragments/header :: navbar-top}"). The old, unwrapped syntax for fragment expressions will be removed in future versions of Thymeleaf.
2025-10-28T19:28:28.797+02:00  WARN 19220 --- [nika_erp] [http-nio-9391-exec-8] o.t.s.p.StandardIncludeTagProcessor      : [THYMELEAF][http-nio-9391-exec-8][countries/list] Deprecated attribute {th:include,data-th-include} found in template countries/list, line 19, col 16. Please use {th:insert,data-th-insert} instead, this deprecated attribute will be removed in future versions of Thymeleaf.
2025-10-28T19:28:28.797+02:00  WARN 19220 --- [nika_erp] [http-nio-9391-exec-8] actStandardFragmentInsertionTagProcessor : [THYMELEAF][http-nio-9391-exec-8][countries/list] Deprecated unwrapped fragment expression "fragments/header :: navbar-left" found in template countries/list, line 19, col 16. Please use the complete syntax of fragment expressions instead ("~{fragments/header :: navbar-left}"). The old, unwrapped syntax for fragment expressions will be removed in future versions of Thymeleaf.
2025-10-28T19:28:28.814+02:00  WARN 19220 --- [nika_erp] [http-nio-9391-exec-8] o.t.s.p.StandardIncludeTagProcessor      : [THYMELEAF][http-nio-9391-exec-8][countries/list] Deprecated attribute {th:include,data-th-include} found in template countries/list, line 88, col 12. Please use {th:insert,data-th-insert} instead, this deprecated attribute will be removed in future versions of Thymeleaf.
2025-10-28T19:28:28.814+02:00  WARN 19220 --- [nika_erp] [http-nio-9391-exec-8] actStandardFragmentInsertionTagProcessor : [THYMELEAF][http-nio-9391-exec-8][countries/list] Deprecated unwrapped fragment expression "fragments/header :: footer" found in template countries/list, line 88, col 12. Please use the complete syntax of fragment expressions instead ("~{fragments/header :: footer}"). The old, unwrapped syntax for fragment expressions will be removed in future versions of Thymeleaf.
2025-10-28T19:28:31.502+02:00 DEBUG 19220 --- [nika_erp] [http-nio-9391-exec-6] com.zaxxer.hikari.pool.ProxyConnection   : HikariPool-1 - Executed rollback on connection org.postgresql.jdbc.PgConnection@540f4228 due to dirty commit state on close().
2025-10-28T19:28:32.675+02:00 DEBUG 19220 --- [nika_erp] [HikariPool-1:housekeeper] com.zaxxer.hikari.pool.HikariPool        : HikariPool-1 - Before cleanup stats (total=5/20, idle=5/5, active=0, waiting=0)
2025-10-28T19:28:32.675+02:00 DEBUG 19220 --- [nika_erp] [HikariPool-1:housekeeper] com.zaxxer.hikari.pool.HikariPool        : HikariPool-1 - After  cleanup stats (total=5/20, idle=5/5, active=0, waiting=0)
2025-10-28T19:28:32.675+02:00 DEBUG 19220 --- [nika_erp] [HikariPool-1:housekeeper] com.zaxxer.hikari.pool.HikariPool        : HikariPool-1 - Fill pool skipped, pool has sufficient level or currently being filled.
2025-10-28T19:29:02.678+02:00 DEBUG 19220 --- [nika_erp] [HikariPool-1:housekeeper] com.zaxxer.hikari.pool.HikariPool        : HikariPool-1 - Before cleanup stats (total=5/20, idle=5/5, active=0, waiting=0)
2025-10-28T19:29:02.678+02:00 DEBUG 19220 --- [nika_erp] [HikariPool-1:housekeeper] com.zaxxer.hikari.pool.HikariPool        : HikariPool-1 - After  cleanup stats (total=5/20, idle=5/5, active=0, waiting=0)
2025-10-28T19:29:02.678+02:00 DEBUG 19220 --- [nika_erp] [HikariPool-1:housekeeper] com.zaxxer.hikari.pool.HikariPool        : HikariPool-1 - Fill pool skipped, pool has sufficient level or currently being filled.
2025-10-28T19:29:04.346+02:00  INFO 19220 --- [nika_erp] [RMI TCP Connection(9)-127.0.0.1] inMXBeanRegistrar$SpringApplicationAdmin : Application shutdown requested.
2025-10-28T19:29:04.350+02:00  INFO 19220 --- [nika_erp] [RMI TCP Connection(9)-127.0.0.1] o.s.b.w.e.tomcat.GracefulShutdown        : Commencing graceful shutdown. Waiting for active requests to complete
2025-10-28T19:29:04.358+02:00  INFO 19220 --- [nika_erp] [tomcat-shutdown] o.s.b.w.e.tomcat.GracefulShutdown        : Graceful shutdown complete
2025-10-28T19:29:04.364+02:00  INFO 19220 --- [nika_erp] [RMI TCP Connection(9)-127.0.0.1] j.LocalContainerEntityManagerFactoryBean : Closing JPA EntityManagerFactory for persistence unit 'default'
2025-10-28T19:29:04.365+02:00  INFO 19220 --- [nika_erp] [RMI TCP Connection(9)-127.0.0.1] com.zaxxer.hikari.HikariDataSource       : HikariPool-1 - Shutdown initiated...
2025-10-28T19:29:04.365+02:00 DEBUG 19220 --- [nika_erp] [RMI TCP Connection(9)-127.0.0.1] com.zaxxer.hikari.pool.HikariPool        : HikariPool-1 - Before shutdown stats (total=5/20, idle=5/5, active=0, waiting=0)
2025-10-28T19:29:04.366+02:00 DEBUG 19220 --- [nika_erp] [HikariPool-1:connection-closer] com.zaxxer.hikari.pool.PoolBase          : HikariPool-1 - Closing connection org.postgresql.jdbc.PgConnection@540f4228: (connection evicted)
2025-10-28T19:29:04.366+02:00 DEBUG 19220 --- [nika_erp] [HikariPool-1:connection-closer] com.zaxxer.hikari.pool.PoolBase          : HikariPool-1 - Closing connection org.postgresql.jdbc.PgConnection@2c395c2a: (connection evicted)
2025-10-28T19:29:04.366+02:00 DEBUG 19220 --- [nika_erp] [HikariPool-1:connection-closer] com.zaxxer.hikari.pool.PoolBase          : HikariPool-1 - Closing connection org.postgresql.jdbc.PgConnection@22fea7dd: (connection evicted)
2025-10-28T19:29:04.367+02:00 DEBUG 19220 --- [nika_erp] [HikariPool-1:connection-closer] com.zaxxer.hikari.pool.PoolBase          : HikariPool-1 - Closing connection org.postgresql.jdbc.PgConnection@26c1375a: (connection evicted)
2025-10-28T19:29:04.367+02:00 DEBUG 19220 --- [nika_erp] [HikariPool-1:connection-closer] com.zaxxer.hikari.pool.PoolBase          : HikariPool-1 - Closing connection org.postgresql.jdbc.PgConnection@63c3ade6: (connection evicted)
2025-10-28T19:29:04.368+02:00 DEBUG 19220 --- [nika_erp] [RMI TCP Connection(9)-127.0.0.1] com.zaxxer.hikari.pool.HikariPool        : HikariPool-1 - After  shutdown stats (total=0/20, idle=0/5, active=0, waiting=0)
2025-10-28T19:29:04.368+02:00  INFO 19220 --- [nika_erp] [RMI TCP Connection(9)-127.0.0.1] com.zaxxer.hikari.HikariDataSource       : HikariPool-1 - Shutdown completed.
